#
# There is insufficient memory for the Java Runtime Environment to continue.
# Native memory allocation (malloc) failed to allocate 2016496 bytes for Chunk::new
# Possible reasons:
#   The system is out of physical RAM or swap space
#   The process is running with CompressedOops enabled, and the Java Heap may be blocking the growth of the native heap
# Possible solutions:
#   Reduce memory load on the system
#   Increase physical memory or swap space
#   Check if swap backing store is full
#   Decrease Java heap size (-Xmx/-Xms)
#   Decrease number of Java threads
#   Decrease Java thread stack sizes (-Xss)
#   Set larger code cache with -XX:ReservedCodeCacheSize=
#   JVM is running with Unscaled Compressed Oops mode in which the Java heap is
#     placed in the first 4GB address space. The Java Heap base address is the
#     maximum limit for the native heap growth. Please use -XX:HeapBaseMinAddress
#     to set the Java Heap base and to place the Java Heap above 4GB virtual address.
# This output file may be truncated or incomplete.
#
#  Out of Memory Error (arena.cpp:184), pid=19836, tid=17604
#
# JRE version: Java(TM) SE Runtime Environment (19.0.1+10) (build 19.0.1+10-21)
# Java VM: Java HotSpot(TM) 64-Bit Server VM (19.0.1+10-21, mixed mode, sharing, tiered, compressed oops, compressed class ptrs, g1 gc, windows-amd64)
# No core dump will be written. Minidumps are not enabled by default on client versions of Windows
#

---------------  S U M M A R Y ------------

Command Line: -javaagent:C:\Program Files\JetBrains\IntelliJ IDEA Community Edition 2022.2.1\lib\idea_rt.jar=54124:C:\Program Files\JetBrains\IntelliJ IDEA Community Edition 2022.2.1\bin -Dfile.encoding=UTF-8 -Dsun.stdout.encoding=UTF-8 -Dsun.stderr.encoding=UTF-8 com.micro.gateway.CloudGatewayApp

Host: Intel(R) Celeron(R) N4020 CPU @ 1.10GHz, 2 cores, 3G,  Windows 11 , 64 bit Build 22000 (10.0.22000.2360)
Time: Thu Sep 28 10:45:35 2023 Hora oficial do Brasil elapsed time: 18.545830 seconds (0d 0h 0m 18s)

---------------  T H R E A D  ---------------

Current thread (0x000001c67f61b430):  JavaThread "C2 CompilerThread0" daemon [_thread_in_native, id=17604, stack(0x0000001e30300000,0x0000001e30400000)]


Current CompileTask:
C2:  18546 5011       4       jdk.internal.loader.BuiltinClassLoader::defineClass (121 bytes)

Stack: [0x0000001e30300000,0x0000001e30400000]
Native frames: (J=compiled Java code, j=interpreted, Vv=VM code, C=native code)
V  [jvm.dll+0x6ee8fa]
V  [jvm.dll+0x857a1e]
V  [jvm.dll+0x85940e]
V  [jvm.dll+0x859ac3]
V  [jvm.dll+0x28291f]
V  [jvm.dll+0xc9b5f]
V  [jvm.dll+0xc9ee5]
V  [jvm.dll+0x3bcb72]
V  [jvm.dll+0x386201]
V  [jvm.dll+0x38567a]
V  [jvm.dll+0x24c2c9]
V  [jvm.dll+0x24b671]
V  [jvm.dll+0x1d6d61]
V  [jvm.dll+0x25b0fa]
V  [jvm.dll+0x259588]
V  [jvm.dll+0x807928]
V  [jvm.dll+0x8015fa]
V  [jvm.dll+0x6ed5eb]
C  [ucrtbase.dll+0x26c0c]
C  [KERNEL32.DLL+0x153e0]
C  [ntdll.dll+0x485b]


---------------  P R O C E S S  ---------------

Threads class SMR info:
_java_thread_list=0x000001c61a013ba0, length=16, elements={
0x000001c677143580, 0x000001c67f610020, 0x000001c67f610db0, 0x000001c67f613a90,
0x000001c67f615730, 0x000001c67f616060, 0x000001c67f616b30, 0x000001c67f61b430,
0x000001c67f678600, 0x000001c67f6954b0, 0x000001c67f5fc4d0, 0x000001c617512970,
0x000001c617116d10, 0x000001c6184cc5c0, 0x000001c6184ccb10, 0x000001c6179d1200
}

Java Threads: ( => current thread )
  0x000001c677143580 JavaThread "main" [_thread_in_Java, id=20136, stack(0x0000001e2f600000,0x0000001e2f700000)]
  0x000001c67f610020 JavaThread "Reference Handler" daemon [_thread_blocked, id=5700, stack(0x0000001e2fd00000,0x0000001e2fe00000)]
  0x000001c67f610db0 JavaThread "Finalizer" daemon [_thread_blocked, id=18404, stack(0x0000001e2fe00000,0x0000001e2ff00000)]
  0x000001c67f613a90 JavaThread "Signal Dispatcher" daemon [_thread_blocked, id=16516, stack(0x0000001e2ff00000,0x0000001e30000000)]
  0x000001c67f615730 JavaThread "Attach Listener" daemon [_thread_blocked, id=15224, stack(0x0000001e30000000,0x0000001e30100000)]
  0x000001c67f616060 JavaThread "Service Thread" daemon [_thread_blocked, id=16340, stack(0x0000001e30100000,0x0000001e30200000)]
  0x000001c67f616b30 JavaThread "Monitor Deflation Thread" daemon [_thread_blocked, id=9372, stack(0x0000001e30200000,0x0000001e30300000)]
=>0x000001c67f61b430 JavaThread "C2 CompilerThread0" daemon [_thread_in_native, id=17604, stack(0x0000001e30300000,0x0000001e30400000)]
  0x000001c67f678600 JavaThread "C1 CompilerThread0" daemon [_thread_blocked, id=10760, stack(0x0000001e30400000,0x0000001e30500000)]
  0x000001c67f6954b0 JavaThread "Sweeper thread" daemon [_thread_blocked, id=17120, stack(0x0000001e30500000,0x0000001e30600000)]
  0x000001c67f5fc4d0 JavaThread "Common-Cleaner" daemon [_thread_blocked, id=19260, stack(0x0000001e30600000,0x0000001e30700000)]
  0x000001c617512970 JavaThread "Monitor Ctrl-Break" daemon [_thread_in_native, id=20284, stack(0x0000001e30800000,0x0000001e30900000)]
  0x000001c617116d10 JavaThread "Notification Thread" daemon [_thread_blocked, id=7924, stack(0x0000001e30900000,0x0000001e30a00000)]
  0x000001c6184cc5c0 JavaThread "boundedElastic-evictor-1" daemon [_thread_blocked, id=12804, stack(0x0000001e30b00000,0x0000001e30c00000)]
  0x000001c6184ccb10 JavaThread "spring.cloud.inetutils" daemon [_thread_blocked, id=18312, stack(0x0000001e30c00000,0x0000001e30d00000)]
  0x000001c6179d1200 JavaThread "AsyncResolver-bootstrap-0" daemon [_thread_blocked, id=16544, stack(0x0000001e30d00000,0x0000001e30e00000)]

Other Threads:
  0x000001c6771f9a50 VMThread "VM Thread" [stack: 0x0000001e2fc00000,0x0000001e2fd00000] [id=18296]
  0x000001c6175b4090 WatcherThread "VM Periodic Task Thread" [stack: 0x0000001e30a00000,0x0000001e30b00000] [id=18260]
  0x000001c677183fc0 WorkerThread "GC Thread#0" [stack: 0x0000001e2f700000,0x0000001e2f800000] [id=16492]
  0x000001c617267d50 WorkerThread "GC Thread#1" [stack: 0x0000001e30700000,0x0000001e30800000] [id=2148]
  0x000001c67718c9a0 ConcurrentGCThread "G1 Main Marker" [stack: 0x0000001e2f800000,0x0000001e2f900000] [id=10856]
  0x000001c67718d570 WorkerThread "G1 Conc#0" [stack: 0x0000001e2f900000,0x0000001e2fa00000] [id=14596]
  0x000001c6771d07e0 ConcurrentGCThread "G1 Refine#0" [stack: 0x0000001e2fa00000,0x0000001e2fb00000] [id=13020]
  0x000001c6771d1320 ConcurrentGCThread "G1 Service" [stack: 0x0000001e2fb00000,0x0000001e2fc00000] [id=7976]

Threads with active compile tasks:
C2 CompilerThread0    18611 5011       4       jdk.internal.loader.BuiltinClassLoader::defineClass (121 bytes)

VM state: not at safepoint (normal execution)

VM Mutex/Monitor currently owned by a thread: None

Heap address: 0x00000000c2c00000, size: 980 MB, Compressed Oops mode: 32-bit

CDS archive(s) mapped at: [0x0000000800000000-0x0000000800c40000-0x0000000800c40000), size 12845056, SharedBaseAddress: 0x0000000800000000, ArchiveRelocationMode: 0.
Compressed class space mapped at: 0x0000000801000000-0x0000000841000000, reserved size: 1073741824
Narrow klass base: 0x0000000800000000, Narrow klass shift: 0, Narrow klass range: 0x100000000

GC Precious Log:
 CardTable entry size: 512
 Card Set container configuration: InlinePtr #cards 5 size 8 Array Of Cards #cards 12 size 40 Howl #buckets 4 coarsen threshold 1843 Howl Bitmap #cards 512 size 80 coarsen threshold 460 Card regions per heap region 1 cards per card region 2048
 CPUs: 2 total, 2 available
 Memory: 3918M
 Large Page Support: Disabled
 NUMA Support: Disabled
 Compressed Oops: Enabled (32-bit)
 Heap Region Size: 1M
 Heap Min Capacity: 8M
 Heap Initial Capacity: 62M
 Heap Max Capacity: 980M
 Pre-touch: Disabled
 Parallel Workers: 2
 Concurrent Workers: 1
 Concurrent Refinement Workers: 2
 Periodic GC: Disabled

Heap:
 garbage-first heap   total 45056K, used 25825K [0x00000000c2c00000, 0x0000000100000000)
  region size 1024K, 8 young (8192K), 3 survivors (3072K)
 Metaspace       used 41377K, committed 41856K, reserved 1114112K
  class space    used 5221K, committed 5440K, reserved 1048576K

Heap Regions: E=young(eden), S=young(survivor), O=old, HS=humongous(starts), HC=humongous(continues), CS=collection set, F=free, OA=open archive, CA=closed archive, TAMS=top-at-mark-start (previous, next)
|   0|0x00000000c2c00000, 0x00000000c2d00000, 0x00000000c2d00000|100%| O|  |TAMS 0x00000000c2d00000, 0x00000000c2c00000| Untracked 
|   1|0x00000000c2d00000, 0x00000000c2e00000, 0x00000000c2e00000|100%| O|  |TAMS 0x00000000c2e00000, 0x00000000c2d00000| Untracked 
|   2|0x00000000c2e00000, 0x00000000c2f00000, 0x00000000c2f00000|100%| O|  |TAMS 0x00000000c2f00000, 0x00000000c2e00000| Untracked 
|   3|0x00000000c2f00000, 0x00000000c3000000, 0x00000000c3000000|100%| O|  |TAMS 0x00000000c3000000, 0x00000000c2f00000| Untracked 
|   4|0x00000000c3000000, 0x00000000c3100000, 0x00000000c3100000|100%| O|  |TAMS 0x00000000c3100000, 0x00000000c3000000| Untracked 
|   5|0x00000000c3100000, 0x00000000c3200000, 0x00000000c3200000|100%| O|  |TAMS 0x00000000c3200000, 0x00000000c3100000| Untracked 
|   6|0x00000000c3200000, 0x00000000c3300000, 0x00000000c3300000|100%| O|  |TAMS 0x00000000c3300000, 0x00000000c3200000| Untracked 
|   7|0x00000000c3300000, 0x00000000c3400000, 0x00000000c3400000|100%| O|  |TAMS 0x00000000c3400000, 0x00000000c3300000| Untracked 
|   8|0x00000000c3400000, 0x00000000c3500000, 0x00000000c3500000|100%| O|  |TAMS 0x00000000c3500000, 0x00000000c3400000| Untracked 
|   9|0x00000000c3500000, 0x00000000c3600000, 0x00000000c3600000|100%| O|  |TAMS 0x00000000c3600000, 0x00000000c3500000| Untracked 
|  10|0x00000000c3600000, 0x00000000c3700000, 0x00000000c3700000|100%| O|  |TAMS 0x00000000c3700000, 0x00000000c3600000| Untracked 
|  11|0x00000000c3700000, 0x00000000c3800000, 0x00000000c3800000|100%| O|  |TAMS 0x00000000c3800000, 0x00000000c3700000| Untracked 
|  12|0x00000000c3800000, 0x00000000c3900000, 0x00000000c3900000|100%| O|  |TAMS 0x00000000c3900000, 0x00000000c3800000| Untracked 
|  13|0x00000000c3900000, 0x00000000c3a00000, 0x00000000c3a00000|100%| O|  |TAMS 0x00000000c3a00000, 0x00000000c3900000| Untracked 
|  14|0x00000000c3a00000, 0x00000000c3b00000, 0x00000000c3b00000|100%| O|  |TAMS 0x00000000c3a7fc00, 0x00000000c3a00000| Untracked 
|  15|0x00000000c3b00000, 0x00000000c3c00000, 0x00000000c3c00000|100%| O|  |TAMS 0x00000000c3b00000, 0x00000000c3b00000| Untracked 
|  16|0x00000000c3c00000, 0x00000000c3d00000, 0x00000000c3d00000|100%| O|  |TAMS 0x00000000c3c00000, 0x00000000c3c00000| Untracked 
|  17|0x00000000c3d00000, 0x00000000c3d38600, 0x00000000c3e00000| 22%| O|  |TAMS 0x00000000c3d00000, 0x00000000c3d00000| Untracked 
|  18|0x00000000c3e00000, 0x00000000c3f00000, 0x00000000c3f00000|100%| O|  |TAMS 0x00000000c3f00000, 0x00000000c3e00000| Untracked 
|  19|0x00000000c3f00000, 0x00000000c3f00000, 0x00000000c4000000|  0%| F|  |TAMS 0x00000000c3f00000, 0x00000000c3f00000| Untracked 
|  20|0x00000000c4000000, 0x00000000c4000000, 0x00000000c4100000|  0%| F|  |TAMS 0x00000000c4000000, 0x00000000c4000000| Untracked 
|  21|0x00000000c4100000, 0x00000000c4100000, 0x00000000c4200000|  0%| F|  |TAMS 0x00000000c4100000, 0x00000000c4100000| Untracked 
|  22|0x00000000c4200000, 0x00000000c4200000, 0x00000000c4300000|  0%| F|  |TAMS 0x00000000c4200000, 0x00000000c4200000| Untracked 
|  23|0x00000000c4300000, 0x00000000c4300000, 0x00000000c4400000|  0%| F|  |TAMS 0x00000000c4300000, 0x00000000c4300000| Untracked 
|  24|0x00000000c4400000, 0x00000000c4500000, 0x00000000c4500000|100%| S|CS|TAMS 0x00000000c4400000, 0x00000000c4400000| Complete 
|  25|0x00000000c4500000, 0x00000000c4600000, 0x00000000c4600000|100%| S|CS|TAMS 0x00000000c4500000, 0x00000000c4500000| Complete 
|  26|0x00000000c4600000, 0x00000000c4700000, 0x00000000c4700000|100%| S|CS|TAMS 0x00000000c4600000, 0x00000000c4600000| Complete 
|  27|0x00000000c4700000, 0x00000000c4700000, 0x00000000c4800000|  0%| F|  |TAMS 0x00000000c4700000, 0x00000000c4700000| Untracked 
|  28|0x00000000c4800000, 0x00000000c4800000, 0x00000000c4900000|  0%| F|  |TAMS 0x00000000c4800000, 0x00000000c4800000| Untracked 
|  29|0x00000000c4900000, 0x00000000c4900000, 0x00000000c4a00000|  0%| F|  |TAMS 0x00000000c4900000, 0x00000000c4900000| Untracked 
|  30|0x00000000c4a00000, 0x00000000c4a00000, 0x00000000c4b00000|  0%| F|  |TAMS 0x00000000c4a00000, 0x00000000c4a00000| Untracked 
|  31|0x00000000c4b00000, 0x00000000c4b00000, 0x00000000c4c00000|  0%| F|  |TAMS 0x00000000c4b00000, 0x00000000c4b00000| Untracked 
|  32|0x00000000c4c00000, 0x00000000c4c00000, 0x00000000c4d00000|  0%| F|  |TAMS 0x00000000c4c00000, 0x00000000c4c00000| Untracked 
|  33|0x00000000c4d00000, 0x00000000c4d00000, 0x00000000c4e00000|  0%| F|  |TAMS 0x00000000c4d00000, 0x00000000c4d00000| Untracked 
|  34|0x00000000c4e00000, 0x00000000c4e00000, 0x00000000c4f00000|  0%| F|  |TAMS 0x00000000c4e00000, 0x00000000c4e00000| Untracked 
|  35|0x00000000c4f00000, 0x00000000c4f00000, 0x00000000c5000000|  0%| F|  |TAMS 0x00000000c4f00000, 0x00000000c4f00000| Untracked 
|  36|0x00000000c5000000, 0x00000000c5000000, 0x00000000c5100000|  0%| F|  |TAMS 0x00000000c5000000, 0x00000000c5000000| Untracked 
|  37|0x00000000c5100000, 0x00000000c5100000, 0x00000000c5200000|  0%| F|  |TAMS 0x00000000c5100000, 0x00000000c5100000| Untracked 
|  38|0x00000000c5200000, 0x00000000c5200000, 0x00000000c5300000|  0%| F|  |TAMS 0x00000000c5200000, 0x00000000c5200000| Untracked 
|  39|0x00000000c5300000, 0x00000000c53d1318, 0x00000000c5400000| 81%| E|  |TAMS 0x00000000c5300000, 0x00000000c5300000| Complete 
|  40|0x00000000c5400000, 0x00000000c5500000, 0x00000000c5500000|100%| E|CS|TAMS 0x00000000c5400000, 0x00000000c5400000| Complete 
|  56|0x00000000c6400000, 0x00000000c6500000, 0x00000000c6500000|100%| E|CS|TAMS 0x00000000c6400000, 0x00000000c6400000| Complete 
|  57|0x00000000c6500000, 0x00000000c6600000, 0x00000000c6600000|100%| E|CS|TAMS 0x00000000c6500000, 0x00000000c6500000| Complete 
|  61|0x00000000c6900000, 0x00000000c6a00000, 0x00000000c6a00000|100%| E|CS|TAMS 0x00000000c6900000, 0x00000000c6900000| Complete 

Card table byte_map: [0x000001c676f10000,0x000001c677100000] _byte_map_base: 0x000001c6768fa000

Marking Bits (Prev, Next): (CMBitMap*) 0x000001c6771845f0, (CMBitMap*) 0x000001c677184630
 Prev Bits: [0x000001c60f000000, 0x000001c60ff50000)
 Next Bits: [0x000001c60ff50000, 0x000001c610ea0000)

Polling page: 0x000001c675050000

Metaspace:

Usage:
  Non-class:     35.31 MB used.
      Class:      5.10 MB used.
       Both:     40.41 MB used.

Virtual space:
  Non-class space:       64.00 MB reserved,      35.56 MB ( 56%) committed,  1 nodes.
      Class space:        1.00 GB reserved,       5.31 MB ( <1%) committed,  1 nodes.
             Both:        1.06 GB reserved,      40.88 MB (  4%) committed. 

Chunk freelists:
   Non-Class:  3.88 MB
       Class:  2.56 MB
        Both:  6.44 MB

MaxMetaspaceSize: unlimited
CompressedClassSpaceSize: 1.00 GB
Initial GC threshold: 21.00 MB
Current GC threshold: 58.88 MB
CDS: on
MetaspaceReclaimPolicy: balanced
 - commit_granule_bytes: 65536.
 - commit_granule_words: 8192.
 - virtual_space_node_default_size: 8388608.
 - enlarge_chunks_in_place: 1.
 - new_chunks_are_fully_committed: 0.
 - uncommit_free_chunks: 1.
 - use_allocation_guard: 0.


Internal statistics:

num_allocs_failed_limit: 6.
num_arena_births: 616.
num_arena_deaths: 0.
num_vsnodes_births: 2.
num_vsnodes_deaths: 0.
num_space_committed: 654.
num_space_uncommitted: 0.
num_chunks_returned_to_freelist: 6.
num_chunks_taken_from_freelist: 1994.
num_chunk_merges: 6.
num_chunk_splits: 1385.
num_chunks_enlarged: 1094.
num_inconsistent_stats: 0.

CodeHeap 'non-profiled nmethods': size=120064Kb used=2334Kb max_used=2564Kb free=117729Kb
 bounds [0x000001c607ac0000, 0x000001c607d50000, 0x000001c60f000000]
CodeHeap 'profiled nmethods': size=120000Kb used=10246Kb max_used=11579Kb free=109754Kb
 bounds [0x000001c600000000, 0x000001c600b50000, 0x000001c607530000]
CodeHeap 'non-nmethods': size=5696Kb used=1342Kb max_used=1380Kb free=4353Kb
 bounds [0x000001c607530000, 0x000001c6077a0000, 0x000001c607ac0000]
 total_blobs=5126 nmethods=4555 adapters=481
 compilation: enabled
              stopped_count=0, restarted_count=0
 full_count=0

Compilation events (20 events):
Event: 18.223 Thread 0x000001c67f61b430 nmethod 5010 0x000001c607d3e910 code [0x000001c607d3eb40, 0x000001c607d3fe90]
Event: 18.243 Thread 0x000001c67f61b430 5011       4       jdk.internal.loader.BuiltinClassLoader::defineClass (121 bytes)
Event: 18.256 Thread 0x000001c67f678600 5013       3       java.lang.invoke.VarHandleGuards::guard_LII_V (135 bytes)
Event: 18.258 Thread 0x000001c67f678600 nmethod 5013 0x000001c600b44210 code [0x000001c600b44620, 0x000001c600b46be8]
Event: 18.258 Thread 0x000001c67f678600 5015       3       java.lang.invoke.VarHandleByteArrayAsInts$ArrayHandle::set (39 bytes)
Event: 18.259 Thread 0x000001c67f678600 nmethod 5015 0x000001c600b47690 code [0x000001c600b47860, 0x000001c600b47ca8]
Event: 18.259 Thread 0x000001c67f678600 5016       3       jdk.internal.misc.Unsafe::putIntUnaligned (79 bytes)
Event: 18.259 Thread 0x000001c67f678600 nmethod 5016 0x000001c600b47e90 code [0x000001c600b48060, 0x000001c600b483f8]
Event: 18.274 Thread 0x000001c67f678600 5017       1       jdk.xml.internal.XMLSecurityManager$Limit::systemProperty (5 bytes)
Event: 18.274 Thread 0x000001c67f678600 nmethod 5017 0x000001c607d41090 code [0x000001c607d41220, 0x000001c607d412d8]
Event: 18.275 Thread 0x000001c67f678600 5018       3       java.lang.System::getProperty (25 bytes)
Event: 18.276 Thread 0x000001c67f678600 nmethod 5018 0x000001c600b48510 code [0x000001c600b48720, 0x000001c600b48d08]
Event: 18.307 Thread 0x000001c67f678600 5020       3       java.util.regex.Pattern::sequence (647 bytes)
Event: 18.312 Thread 0x000001c67f678600 nmethod 5020 0x000001c600b48f10 code [0x000001c600b49500, 0x000001c600b4c648]
Event: 18.411 Thread 0x000001c67f678600 5023       2       java.lang.ClassLoader::checkCerts (121 bytes)
Event: 18.412 Thread 0x000001c67f678600 nmethod 5023 0x000001c600b4d490 code [0x000001c600b4d6e0, 0x000001c600b4dc38]
Event: 18.416 Thread 0x000001c67f678600 5024       2       java.lang.ClassLoader::getDefinedPackage (36 bytes)
Event: 18.417 Thread 0x000001c67f678600 nmethod 5024 0x000001c600b4e010 code [0x000001c600b4e1e0, 0x000001c600b4e488]
Event: 18.418 Thread 0x000001c67f678600 5025       2       java.lang.ClassLoader::getNamedPackage (73 bytes)
Event: 18.419 Thread 0x000001c67f678600 nmethod 5025 0x000001c600b4e690 code [0x000001c600b4e860, 0x000001c600b4eb08]

GC Heap History (20 events):
Event: 4.948 GC heap before
{Heap before GC invocations=4 (full 0):
 garbage-first heap   total 63488K, used 37608K [0x00000000c2c00000, 0x0000000100000000)
  region size 1024K, 32 young (32768K), 2 survivors (2048K)
 Metaspace       used 15269K, committed 15552K, reserved 1114112K
  class space    used 1918K, committed 2048K, reserved 1048576K
}
Event: 4.962 GC heap after
{Heap after GC invocations=5 (full 0):
 garbage-first heap   total 63488K, used 10061K [0x00000000c2c00000, 0x0000000100000000)
  region size 1024K, 4 young (4096K), 4 survivors (4096K)
 Metaspace       used 15269K, committed 15552K, reserved 1114112K
  class space    used 1918K, committed 2048K, reserved 1048576K
}
Event: 6.942 GC heap before
{Heap before GC invocations=5 (full 0):
 garbage-first heap   total 63488K, used 40781K [0x00000000c2c00000, 0x0000000100000000)
  region size 1024K, 35 young (35840K), 4 survivors (4096K)
 Metaspace       used 20682K, committed 20992K, reserved 1114112K
  class space    used 2486K, committed 2624K, reserved 1048576K
}
Event: 6.957 GC heap after
{Heap after GC invocations=6 (full 0):
 garbage-first heap   total 63488K, used 12002K [0x00000000c2c00000, 0x0000000100000000)
  region size 1024K, 4 young (4096K), 4 survivors (4096K)
 Metaspace       used 20682K, committed 20992K, reserved 1114112K
  class space    used 2486K, committed 2624K, reserved 1048576K
}
Event: 7.143 GC heap before
{Heap before GC invocations=6 (full 0):
 garbage-first heap   total 63488K, used 15074K [0x00000000c2c00000, 0x0000000100000000)
  region size 1024K, 8 young (8192K), 4 survivors (4096K)
 Metaspace       used 21277K, committed 21504K, reserved 1114112K
  class space    used 2558K, committed 2688K, reserved 1048576K
}
Event: 7.153 GC heap after
{Heap after GC invocations=7 (full 0):
 garbage-first heap   total 63488K, used 11973K [0x00000000c2c00000, 0x0000000100000000)
  region size 1024K, 2 young (2048K), 2 survivors (2048K)
 Metaspace       used 21277K, committed 21504K, reserved 1114112K
  class space    used 2558K, committed 2688K, reserved 1048576K
}
Event: 9.658 GC heap before
{Heap before GC invocations=8 (full 0):
 garbage-first heap   total 45056K, used 35525K [0x00000000c2c00000, 0x0000000100000000)
  region size 1024K, 26 young (26624K), 2 survivors (2048K)
 Metaspace       used 26460K, committed 26816K, reserved 1114112K
  class space    used 3247K, committed 3392K, reserved 1048576K
}
Event: 9.672 GC heap after
{Heap after GC invocations=9 (full 0):
 garbage-first heap   total 45056K, used 14381K [0x00000000c2c00000, 0x0000000100000000)
  region size 1024K, 4 young (4096K), 4 survivors (4096K)
 Metaspace       used 26460K, committed 26816K, reserved 1114112K
  class space    used 3247K, committed 3392K, reserved 1048576K
}
Event: 9.717 GC heap before
{Heap before GC invocations=9 (full 0):
 garbage-first heap   total 45056K, used 15405K [0x00000000c2c00000, 0x0000000100000000)
  region size 1024K, 5 young (5120K), 4 survivors (4096K)
 Metaspace       used 26870K, committed 27200K, reserved 1114112K
  class space    used 3294K, committed 3456K, reserved 1048576K
}
Event: 9.729 GC heap after
{Heap after GC invocations=10 (full 0):
 garbage-first heap   total 45056K, used 14958K [0x00000000c2c00000, 0x0000000100000000)
  region size 1024K, 1 young (1024K), 1 survivors (1024K)
 Metaspace       used 26870K, committed 27200K, reserved 1114112K
  class space    used 3294K, committed 3456K, reserved 1048576K
}
Event: 11.055 GC heap before
{Heap before GC invocations=10 (full 0):
 garbage-first heap   total 45056K, used 31342K [0x00000000c2c00000, 0x0000000100000000)
  region size 1024K, 18 young (18432K), 1 survivors (1024K)
 Metaspace       used 29594K, committed 29952K, reserved 1114112K
  class space    used 3693K, committed 3840K, reserved 1048576K
}
Event: 11.062 GC heap after
{Heap after GC invocations=11 (full 0):
 garbage-first heap   total 45056K, used 15847K [0x00000000c2c00000, 0x0000000100000000)
  region size 1024K, 2 young (2048K), 2 survivors (2048K)
 Metaspace       used 29594K, committed 29952K, reserved 1114112K
  class space    used 3693K, committed 3840K, reserved 1048576K
}
Event: 13.229 GC heap before
{Heap before GC invocations=11 (full 0):
 garbage-first heap   total 45056K, used 33255K [0x00000000c2c00000, 0x0000000100000000)
  region size 1024K, 19 young (19456K), 2 survivors (2048K)
 Metaspace       used 32901K, committed 33280K, reserved 1114112K
  class space    used 4135K, committed 4288K, reserved 1048576K
}
Event: 13.236 GC heap after
{Heap after GC invocations=12 (full 0):
 garbage-first heap   total 45056K, used 17018K [0x00000000c2c00000, 0x0000000100000000)
  region size 1024K, 3 young (3072K), 3 survivors (3072K)
 Metaspace       used 32901K, committed 33280K, reserved 1114112K
  class space    used 4135K, committed 4288K, reserved 1048576K
}
Event: 15.952 GC heap before
{Heap before GC invocations=12 (full 0):
 garbage-first heap   total 45056K, used 33402K [0x00000000c2c00000, 0x0000000100000000)
  region size 1024K, 19 young (19456K), 3 survivors (3072K)
 Metaspace       used 35256K, committed 35712K, reserved 1114112K
  class space    used 4452K, committed 4672K, reserved 1048576K
}
Event: 15.963 GC heap after
{Heap after GC invocations=13 (full 0):
 garbage-first heap   total 45056K, used 18823K [0x00000000c2c00000, 0x0000000100000000)
  region size 1024K, 3 young (3072K), 3 survivors (3072K)
 Metaspace       used 35256K, committed 35712K, reserved 1114112K
  class space    used 4452K, committed 4672K, reserved 1048576K
}
Event: 16.217 GC heap before
{Heap before GC invocations=13 (full 0):
 garbage-first heap   total 45056K, used 21895K [0x00000000c2c00000, 0x0000000100000000)
  region size 1024K, 7 young (7168K), 3 survivors (3072K)
 Metaspace       used 35680K, committed 36096K, reserved 1114112K
  class space    used 4516K, committed 4736K, reserved 1048576K
}
Event: 16.226 GC heap after
{Heap after GC invocations=14 (full 0):
 garbage-first heap   total 45056K, used 19086K [0x00000000c2c00000, 0x0000000100000000)
  region size 1024K, 2 young (2048K), 2 survivors (2048K)
 Metaspace       used 35680K, committed 36096K, reserved 1114112K
  class space    used 4516K, committed 4736K, reserved 1048576K
}
Event: 18.164 GC heap before
{Heap before GC invocations=15 (full 0):
 garbage-first heap   total 45056K, used 33422K [0x00000000c2c00000, 0x0000000100000000)
  region size 1024K, 17 young (17408K), 2 survivors (2048K)
 Metaspace       used 40088K, committed 40576K, reserved 1114112K
  class space    used 5034K, committed 5312K, reserved 1048576K
}
Event: 18.176 GC heap after
{Heap after GC invocations=16 (full 0):
 garbage-first heap   total 45056K, used 21729K [0x00000000c2c00000, 0x0000000100000000)
  region size 1024K, 3 young (3072K), 3 survivors (3072K)
 Metaspace       used 40088K, committed 40576K, reserved 1114112K
  class space    used 5034K, committed 5312K, reserved 1048576K
}

Dll operation events (13 events):
Event: 0.029 Loaded shared library C:\Program Files\Java\jdk-19\bin\java.dll
Event: 0.066 Loaded shared library C:\Program Files\Java\jdk-19\bin\jsvml.dll
Event: 0.339 Loaded shared library C:\Program Files\Java\jdk-19\bin\zip.dll
Event: 0.344 Loaded shared library C:\Program Files\Java\jdk-19\bin\instrument.dll
Event: 0.370 Loaded shared library C:\Program Files\Java\jdk-19\bin\net.dll
Event: 0.386 Loaded shared library C:\Program Files\Java\jdk-19\bin\nio.dll
Event: 0.408 Loaded shared library C:\Program Files\Java\jdk-19\bin\zip.dll
Event: 1.089 Loaded shared library C:\Program Files\JetBrains\IntelliJ IDEA Community Edition 2022.2.1\bin\breakgen64.dll
Event: 1.114 Loaded shared library C:\Program Files\Java\jdk-19\bin\extnet.dll
Event: 1.188 Loaded shared library C:\Program Files\Java\jdk-19\bin\verify.dll
Event: 1.200 Loaded shared library C:\Program Files\Java\jdk-19\bin\jimage.dll
Event: 3.729 Loaded shared library C:\Program Files\Java\jdk-19\bin\management.dll
Event: 3.735 Loaded shared library C:\Program Files\Java\jdk-19\bin\management_ext.dll

Deoptimization events (20 events):
Event: 18.127 Thread 0x000001c677143580 Uncommon trap: trap_request=0xffffff45 fr.pc=0x000001c607b7c8c4 relative=0x00000000000001a4
Event: 18.127 Thread 0x000001c677143580 Uncommon trap: reason=unstable_if action=reinterpret pc=0x000001c607b7c8c4 method=java.lang.StringLatin1.indexOf([B[B)I @ 9 c2
Event: 18.127 Thread 0x000001c677143580 DEOPT PACKING pc=0x000001c607b7c8c4 sp=0x0000001e2f6fc5b0
Event: 18.127 Thread 0x000001c677143580 DEOPT UNPACKING pc=0x000001c607596d9d sp=0x0000001e2f6fc540 mode 2
Event: 18.294 Thread 0x000001c677143580 Uncommon trap: trap_request=0xffffff45 fr.pc=0x000001c607b84d7c relative=0x000000000000005c
Event: 18.294 Thread 0x000001c677143580 Uncommon trap: reason=unstable_if action=reinterpret pc=0x000001c607b84d7c method=java.util.Objects.equals(Ljava/lang/Object;Ljava/lang/Object;)Z @ 6 c2
Event: 18.294 Thread 0x000001c677143580 DEOPT PACKING pc=0x000001c607b84d7c sp=0x0000001e2f6fbba0
Event: 18.294 Thread 0x000001c677143580 DEOPT UNPACKING pc=0x000001c607596d9d sp=0x0000001e2f6fbb40 mode 2
Event: 18.360 Thread 0x000001c677143580 DEOPT PACKING pc=0x000001c600ac2b57 sp=0x0000001e2f6fa7b0
Event: 18.360 Thread 0x000001c677143580 DEOPT UNPACKING pc=0x000001c607597524 sp=0x0000001e2f6f9c30 mode 0
Event: 18.368 Thread 0x000001c677143580 DEOPT PACKING pc=0x000001c600afeb2a sp=0x0000001e2f6f7ea0
Event: 18.368 Thread 0x000001c677143580 DEOPT UNPACKING pc=0x000001c607597524 sp=0x0000001e2f6f73b0 mode 0
Event: 18.425 Thread 0x000001c677143580 Uncommon trap: trap_request=0xffffffde fr.pc=0x000001c607d3fbf8 relative=0x00000000000010b8
Event: 18.425 Thread 0x000001c677143580 Uncommon trap: reason=class_check action=maybe_recompile pc=0x000001c607d3fbf8 method=java.util.concurrent.ConcurrentHashMap.putVal(Ljava/lang/Object;Ljava/lang/Object;Z)Ljava/lang/Object; @ 159 c2
Event: 18.425 Thread 0x000001c677143580 DEOPT PACKING pc=0x000001c607d3fbf8 sp=0x0000001e2f6fb6b0
Event: 18.425 Thread 0x000001c677143580 DEOPT UNPACKING pc=0x000001c607596d9d sp=0x0000001e2f6fb640 mode 2
Event: 18.425 Thread 0x000001c677143580 Uncommon trap: trap_request=0xffffffde fr.pc=0x000001c607d3fbf8 relative=0x00000000000010b8
Event: 18.425 Thread 0x000001c677143580 Uncommon trap: reason=class_check action=maybe_recompile pc=0x000001c607d3fbf8 method=java.util.concurrent.ConcurrentHashMap.putVal(Ljava/lang/Object;Ljava/lang/Object;Z)Ljava/lang/Object; @ 159 c2
Event: 18.425 Thread 0x000001c677143580 DEOPT PACKING pc=0x000001c607d3fbf8 sp=0x0000001e2f6fb920
Event: 18.425 Thread 0x000001c677143580 DEOPT UNPACKING pc=0x000001c607596d9d sp=0x0000001e2f6fb8b0 mode 2

Classes loaded (20 events):
Event: 18.252 Loading class sun/security/ssl/SSLContextImpl$DefaultManagersHolder
Event: 18.252 Loading class sun/security/ssl/SSLContextImpl$DefaultManagersHolder done
Event: 18.253 Loading class sun/security/ssl/SSLContextImpl$DefaultManagersHolder$1
Event: 18.253 Loading class sun/security/ssl/SSLContextImpl$DefaultManagersHolder$1 done
Event: 18.254 Loading class javax/net/ssl/KeyManagerFactorySpi
Event: 18.254 Loading class javax/net/ssl/KeyManagerFactorySpi done
Event: 18.254 Loading class sun/security/ssl/KeyManagerFactoryImpl$SunX509
Event: 18.254 Loading class sun/security/ssl/KeyManagerFactoryImpl
Event: 18.254 Loading class sun/security/ssl/KeyManagerFactoryImpl done
Event: 18.254 Loading class sun/security/ssl/KeyManagerFactoryImpl$SunX509 done
Event: 18.255 Loading class sun/security/ssl/SunX509KeyManagerImpl
Event: 18.255 Loading class sun/security/ssl/SunX509KeyManagerImpl done
Event: 18.292 Loading class java/time/format/DateTimeFormatterBuilder$ZoneTextPrinterParser
Event: 18.293 Loading class java/time/format/DateTimeFormatterBuilder$ZoneTextPrinterParser done
Event: 18.294 Loading class java/time/format/DateTimeFormatterBuilder$ReducedPrinterParser
Event: 18.295 Loading class java/time/format/DateTimeFormatterBuilder$ReducedPrinterParser done
Event: 18.348 Loading class java/util/concurrent/atomic/AtomicMarkableReference
Event: 18.348 Loading class java/util/concurrent/atomic/AtomicMarkableReference done
Event: 18.348 Loading class java/util/concurrent/atomic/AtomicMarkableReference$Pair
Event: 18.348 Loading class java/util/concurrent/atomic/AtomicMarkableReference$Pair done

Classes unloaded (0 events):
No events

Classes redefined (0 events):
No events

Internal exceptions (20 events):
Event: 12.435 Thread 0x000001c677143580 Exception <a 'java/lang/ClassNotFoundException'{0x00000000c4df1120}: org/springframework/web/reactive/config/WebFluxConfigurationSupportCustomizer> (0x00000000c4df1120) 
thrown [s\open\src\hotspot\share\classfile\systemDictionary.cpp, line 255]
Event: 12.450 Thread 0x000001c677143580 Exception <a 'java/lang/ClassNotFoundException'{0x00000000c4c00c38}: org/springframework/web/reactive/config/DelegatingWebFluxConfigurationCustomizer> (0x00000000c4c00c38) 
thrown [s\open\src\hotspot\share\classfile\systemDictionary.cpp, line 255]
Event: 12.453 Thread 0x000001c677143580 Exception <a 'java/lang/ClassNotFoundException'{0x00000000c4c09318}: org/springframework/boot/autoconfigure/web/reactive/WebFluxAutoConfiguration$EnableWebFluxConfigurationCustomizer> (0x00000000c4c09318) 
thrown [s\open\src\hotspot\share\classfile\systemDictionary.cpp, line 255]
Event: 12.454 Thread 0x000001c677143580 Exception <a 'java/lang/ClassNotFoundException'{0x00000000c4c14f50}: org/springframework/context/ApplicationContextAwareCustomizer> (0x00000000c4c14f50) 
thrown [s\open\src\hotspot\share\classfile\systemDictionary.cpp, line 255]
Event: 12.455 Thread 0x000001c677143580 Exception <a 'java/lang/ClassNotFoundException'{0x00000000c4c19c20}: org/springframework/beans/factory/AwareCustomizer> (0x00000000c4c19c20) 
thrown [s\open\src\hotspot\share\classfile\systemDictionary.cpp, line 255]
Event: 12.468 Thread 0x000001c677143580 Exception <a 'java/lang/NoSuchMethodError'{0x00000000c4c3c1a8}: 'java.lang.Object java.lang.invoke.DirectMethodHandle$Holder.newInvokeSpecial(java.lang.Object, java.lang.Object, java.lang.Object, java.lang.Object, java.lang.Object, java.lang.Object, java.lang.Object, java.lang.Object)'> (0x00000000c4c3c1a8) 
thrown [s\open\src\hotspot\share\interpreter\linkResolver.cpp, line 774]
Event: 12.789 Thread 0x000001c677143580 Exception <a 'java/lang/NoSuchMethodError'{0x00000000c4af29d0}: 'void java.lang.invoke.DirectMethodHandle$Holder.invokeVirtual(java.lang.Object, java.lang.Object, long)'> (0x00000000c4af29d0) 
thrown [s\open\src\hotspot\share\interpreter\linkResolver.cpp, line 774]
Event: 13.249 Thread 0x000001c677143580 Exception <a 'java/lang/NoSuchMethodError'{0x00000000c6939478}: 'java.lang.Object java.lang.invoke.DirectMethodHandle$Holder.invokeVirtual(java.lang.Object, java.lang.Object, java.lang.Object, java.lang.Object, java.lang.Object, java.lang.Object, java.lang.Object)'> (0x00000000c6939478) 
thrown [s\open\src\hotspot\share\interpreter\linkResolver.cpp, line 774]
Event: 13.382 Thread 0x000001c677143580 Exception <a 'java/lang/NoSuchMethodError'{0x00000000c6538c50}: 'java.lang.Object java.lang.invoke.DirectMethodHandle$Holder.invokeVirtual(java.lang.Object, java.lang.Object, java.lang.Object, java.lang.Object, java.lang.Object, java.lang.Object)'> (0x00000000c6538c50) 
thrown [s\open\src\hotspot\share\interpreter\linkResolver.cpp, line 774]
Event: 13.827 Thread 0x000001c677143580 Exception <a 'java/lang/IncompatibleClassChangeError'{0x00000000c54788d8}: Found class java.lang.Object, but interface was expected> (0x00000000c54788d8) 
thrown [s\open\src\hotspot\share\interpreter\linkResolver.cpp, line 841]
Event: 13.935 Thread 0x000001c677143580 Exception <a 'java/lang/IncompatibleClassChangeError'{0x00000000c53802c0}: Found class java.lang.Object, but interface was expected> (0x00000000c53802c0) 
thrown [s\open\src\hotspot\share\interpreter\linkResolver.cpp, line 841]
Event: 14.086 Thread 0x000001c677143580 Exception <a 'java/lang/IncompatibleClassChangeError'{0x00000000c52a43c8}: Found class java.lang.Object, but interface was expected> (0x00000000c52a43c8) 
thrown [s\open\src\hotspot\share\interpreter\linkResolver.cpp, line 841]
Event: 14.138 Thread 0x000001c677143580 Exception <a 'java/lang/IncompatibleClassChangeError'{0x00000000c500c148}: Found class java.lang.Object, but interface was expected> (0x00000000c500c148) 
thrown [s\open\src\hotspot\share\interpreter\linkResolver.cpp, line 841]
Event: 16.202 Thread 0x000001c677143580 Exception <a 'java/lang/NoSuchMethodError'{0x00000000c64d14a0}: 'java.lang.Object java.lang.invoke.DirectMethodHandle$Holder.newInvokeSpecial(java.lang.Object, java.lang.Object, int, java.lang.Object, java.lang.Object)'> (0x00000000c64d14a0) 
thrown [s\open\src\hotspot\share\interpreter\linkResolver.cpp, line 774]
Event: 16.203 Thread 0x000001c677143580 Exception <a 'java/lang/NoSuchMethodError'{0x00000000c64dccf8}: 'java.lang.Object java.lang.invoke.DirectMethodHandle$Holder.invokeSpecial(java.lang.Object, java.lang.Object, int, java.lang.Object, int, java.lang.Object)'> (0x00000000c64dccf8) 
thrown [s\open\src\hotspot\share\interpreter\linkResolver.cpp, line 774]
Event: 16.204 Thread 0x000001c677143580 Exception <a 'java/lang/NoSuchMethodError'{0x00000000c64e4ad0}: 'java.lang.Object java.lang.invoke.DirectMethodHandle$Holder.newInvokeSpecial(java.lang.Object, java.lang.Object, int, java.lang.Object, int)'> (0x00000000c64e4ad0) 
thrown [s\open\src\hotspot\share\interpreter\linkResolver.cpp, line 774]
Event: 16.206 Thread 0x000001c677143580 Exception <a 'java/lang/NoSuchMethodError'{0x00000000c64e90f0}: 'java.lang.Object java.lang.invoke.DirectMethodHandle$Holder.invokeSpecial(java.lang.Object, java.lang.Object, java.lang.Object, int, java.lang.Object, int)'> (0x00000000c64e90f0) 
thrown [s\open\src\hotspot\share\interpreter\linkResolver.cpp, line 774]
Event: 16.750 Thread 0x000001c677143580 Exception <a 'java/lang/IncompatibleClassChangeError'{0x00000000c65a4d68}: Found class java.lang.Object, but interface was expected> (0x00000000c65a4d68) 
thrown [s\open\src\hotspot\share\interpreter\linkResolver.cpp, line 841]
Event: 17.036 Thread 0x000001c677143580 Implicit null exception at 0x000001c607d11251 to 0x000001c607d114b9
Event: 17.721 Thread 0x000001c677143580 Exception <a 'sun/nio/fs/WindowsException'{0x00000000c4c6e598}> (0x00000000c4c6e598) 
thrown [s\open\src\hotspot\share\prims\jni.cpp, line 517]

VM Operations (20 events):
Event: 16.291 Executing VM operation: G1PauseCleanup
Event: 16.293 Executing VM operation: G1PauseCleanup done
Event: 17.039 Executing VM operation: HandshakeAllThreads
Event: 17.039 Executing VM operation: HandshakeAllThreads done
Event: 17.047 Executing VM operation: HandshakeAllThreads
Event: 17.047 Executing VM operation: HandshakeAllThreads done
Event: 17.255 Executing VM operation: HandshakeAllThreads
Event: 17.255 Executing VM operation: HandshakeAllThreads done
Event: 17.591 Executing VM operation: HandshakeAllThreads
Event: 17.591 Executing VM operation: HandshakeAllThreads done
Event: 17.591 Executing VM operation: Cleanup
Event: 17.591 Executing VM operation: Cleanup done
Event: 18.164 Executing VM operation: G1CollectForAllocation
Event: 18.176 Executing VM operation: G1CollectForAllocation done
Event: 18.388 Executing VM operation: HandshakeAllThreads
Event: 18.388 Executing VM operation: HandshakeAllThreads done
Event: 18.394 Executing VM operation: HandshakeAllThreads
Event: 18.394 Executing VM operation: HandshakeAllThreads done
Event: 18.425 Executing VM operation: HandshakeAllThreads
Event: 18.425 Executing VM operation: HandshakeAllThreads done

Events (20 events):
Event: 18.432 Thread 0x000001c67f6954b0 flushing nmethod 0x000001c6005d9390
Event: 18.432 Thread 0x000001c67f6954b0 flushing nmethod 0x000001c6005dad10
Event: 18.432 Thread 0x000001c67f6954b0 flushing nmethod 0x000001c6005db490
Event: 18.432 Thread 0x000001c67f6954b0 flushing nmethod 0x000001c6005dbf90
Event: 18.432 Thread 0x000001c67f6954b0 flushing nmethod 0x000001c6005df790
Event: 18.432 Thread 0x000001c67f6954b0 flushing nmethod 0x000001c6005dfc10
Event: 18.432 Thread 0x000001c67f6954b0 flushing nmethod 0x000001c6005e2a90
Event: 18.432 Thread 0x000001c67f6954b0 flushing nmethod 0x000001c6005e4910
Event: 18.432 Thread 0x000001c67f6954b0 flushing nmethod 0x000001c6005e5f90
Event: 18.432 Thread 0x000001c67f6954b0 flushing nmethod 0x000001c6005e8d90
Event: 18.432 Thread 0x000001c67f6954b0 flushing nmethod 0x000001c6005eb310
Event: 18.432 Thread 0x000001c67f6954b0 flushing nmethod 0x000001c600619190
Event: 18.432 Thread 0x000001c67f6954b0 flushing nmethod 0x000001c600686b10
Event: 18.432 Thread 0x000001c67f6954b0 flushing nmethod 0x000001c60068ec10
Event: 18.432 Thread 0x000001c67f6954b0 flushing nmethod 0x000001c6006dcd10
Event: 18.433 Thread 0x000001c67f6954b0 flushing nmethod 0x000001c60070fb10
Event: 18.433 Thread 0x000001c67f6954b0 flushing nmethod 0x000001c600712d90
Event: 18.433 Thread 0x000001c67f6954b0 flushing nmethod 0x000001c600713910
Event: 18.433 Thread 0x000001c67f6954b0 flushing nmethod 0x000001c600713c90
Event: 18.433 Thread 0x000001c67f6954b0 flushing nmethod 0x000001c600738110


Dynamic libraries:
0x00007ff7ecbb0000 - 0x00007ff7ecbc0000 	C:\Program Files\Java\jdk-19\bin\java.exe
0x00007fffa9ce0000 - 0x00007fffa9ee9000 	C:\Windows\SYSTEM32\ntdll.dll
0x00007fffa8170000 - 0x00007fffa822d000 	C:\Windows\System32\KERNEL32.DLL
0x00007fffa7170000 - 0x00007fffa74f4000 	C:\Windows\System32\KERNELBASE.dll
0x00007fffa7790000 - 0x00007fffa78a1000 	C:\Windows\System32\ucrtbase.dll
0x00007fff9f530000 - 0x00007fff9f54b000 	C:\Program Files\Java\jdk-19\bin\VCRUNTIME140.dll
0x00007fff9f550000 - 0x00007fff9f568000 	C:\Program Files\Java\jdk-19\bin\jli.dll
0x00007fffa9400000 - 0x00007fffa94ae000 	C:\Windows\System32\ADVAPI32.dll
0x00007fffa7cf0000 - 0x00007fffa7d93000 	C:\Windows\System32\msvcrt.dll
0x00007fffa7b40000 - 0x00007fffa7bde000 	C:\Windows\System32\sechost.dll
0x00007fffa8620000 - 0x00007fffa8741000 	C:\Windows\System32\RPCRT4.dll
0x00007fffa94b0000 - 0x00007fffa965d000 	C:\Windows\System32\USER32.dll
0x00007fffa79f0000 - 0x00007fffa7a16000 	C:\Windows\System32\win32u.dll
0x00007fffa9160000 - 0x00007fffa918a000 	C:\Windows\System32\GDI32.dll
0x00007fffa7500000 - 0x00007fffa761e000 	C:\Windows\System32\gdi32full.dll
0x00007fffa7a20000 - 0x00007fffa7abd000 	C:\Windows\System32\msvcp_win.dll
0x00007fff94840000 - 0x00007fff94ae5000 	C:\Windows\WinSxS\amd64_microsoft.windows.common-controls_6595b64144ccf1df_6.0.22000.120_none_9d947278b86cc467\COMCTL32.dll
0x00007fffa4e30000 - 0x00007fffa4e3a000 	C:\Windows\SYSTEM32\VERSION.dll
0x00007fffa93c0000 - 0x00007fffa93f1000 	C:\Windows\System32\IMM32.DLL
0x00007fffa3d60000 - 0x00007fffa3d6c000 	C:\Program Files\Java\jdk-19\bin\vcruntime140_1.dll
0x00007fff92830000 - 0x00007fff928be000 	C:\Program Files\Java\jdk-19\bin\msvcp140.dll
0x00007fff1ff30000 - 0x00007fff20bf0000 	C:\Program Files\Java\jdk-19\bin\server\jvm.dll
0x00007fffa3d30000 - 0x00007fffa3d39000 	C:\Windows\SYSTEM32\WSOCK32.dll
0x00007fff9f460000 - 0x00007fff9f493000 	C:\Windows\SYSTEM32\WINMM.dll
0x00007fffa9660000 - 0x00007fffa96cf000 	C:\Windows\System32\WS2_32.dll
0x00007fffa61a0000 - 0x00007fffa61b8000 	C:\Windows\SYSTEM32\kernel.appcore.dll
0x00007fffa2970000 - 0x00007fffa297a000 	C:\Program Files\Java\jdk-19\bin\jimage.dll
0x00007fffa4190000 - 0x00007fffa43b1000 	C:\Windows\SYSTEM32\DBGHELP.DLL
0x00007fff8e730000 - 0x00007fff8e761000 	C:\Windows\SYSTEM32\dbgcore.DLL
0x00007fffa7970000 - 0x00007fffa79ef000 	C:\Windows\System32\bcryptPrimitives.dll
0x00007fffa4f20000 - 0x00007fffa4f2e000 	C:\Program Files\Java\jdk-19\bin\instrument.dll
0x00007fff93a40000 - 0x00007fff93a66000 	C:\Program Files\Java\jdk-19\bin\java.dll
0x00007fff90010000 - 0x00007fff900e7000 	C:\Program Files\Java\jdk-19\bin\jsvml.dll
0x00007fffa8990000 - 0x00007fffa9155000 	C:\Windows\System32\SHELL32.dll
0x00007fffa5200000 - 0x00007fffa5a62000 	C:\Windows\SYSTEM32\windows.storage.dll
0x00007fffa8230000 - 0x00007fffa85a6000 	C:\Windows\System32\combase.dll
0x00007fffa5090000 - 0x00007fffa51f7000 	C:\Windows\SYSTEM32\wintypes.dll
0x00007fffa9bb0000 - 0x00007fffa9c9a000 	C:\Windows\System32\SHCORE.dll
0x00007fffa8110000 - 0x00007fffa816d000 	C:\Windows\System32\shlwapi.dll
0x00007fffa70a0000 - 0x00007fffa70c5000 	C:\Windows\SYSTEM32\profapi.dll
0x00007fff927f0000 - 0x00007fff92808000 	C:\Program Files\Java\jdk-19\bin\zip.dll
0x00007fff93ce0000 - 0x00007fff93cf3000 	C:\Program Files\Java\jdk-19\bin\net.dll
0x00007fff9f940000 - 0x00007fff9fa54000 	C:\Windows\SYSTEM32\WINHTTP.dll
0x00007fffa6640000 - 0x00007fffa66a7000 	C:\Windows\system32\mswsock.dll
0x00007fff92810000 - 0x00007fff92826000 	C:\Program Files\Java\jdk-19\bin\nio.dll
0x00007fff906e0000 - 0x00007fff906fa000 	C:\Program Files\JetBrains\IntelliJ IDEA Community Edition 2022.2.1\bin\breakgen64.dll
0x00007fff9f4e0000 - 0x00007fff9f4e8000 	C:\Program Files\Java\jdk-19\bin\extnet.dll
0x00007fff94e20000 - 0x00007fff94e30000 	C:\Program Files\Java\jdk-19\bin\verify.dll
0x00007fffa5d00000 - 0x00007fffa5d2d000 	C:\Windows\SYSTEM32\IPHLPAPI.DLL
0x00007fffa8760000 - 0x00007fffa8769000 	C:\Windows\System32\NSI.dll
0x00007fff9fb80000 - 0x00007fff9fb99000 	C:\Windows\SYSTEM32\dhcpcsvc6.DLL
0x00007fff9fdc0000 - 0x00007fff9fdde000 	C:\Windows\SYSTEM32\dhcpcsvc.DLL
0x00007fffa5d30000 - 0x00007fffa5e17000 	C:\Windows\SYSTEM32\DNSAPI.dll
0x00007fff950d0000 - 0x00007fff950da000 	C:\Windows\System32\rasadhlp.dll
0x00007fff99390000 - 0x00007fff99412000 	C:\Windows\System32\fwpuclnt.dll
0x00007fffa2520000 - 0x00007fffa252a000 	C:\Program Files\Java\jdk-19\bin\management.dll
0x00007fffa2510000 - 0x00007fffa251b000 	C:\Program Files\Java\jdk-19\bin\management_ext.dll
0x00007fffa8750000 - 0x00007fffa8758000 	C:\Windows\System32\PSAPI.DLL
0x00007fff8a5f0000 - 0x00007fff8a607000 	C:\Windows\system32\napinsp.dll
0x00007fff8a5d0000 - 0x00007fff8a5eb000 	C:\Windows\system32\pnrpnsp.dll
0x00007fff8a5b0000 - 0x00007fff8a5c2000 	C:\Windows\System32\winrnr.dll
0x00007fff8a590000 - 0x00007fff8a5a5000 	C:\Windows\system32\wshbth.dll
0x00007fff8a570000 - 0x00007fff8a58f000 	C:\Windows\system32\nlansp_c.dll
0x00007fffa6910000 - 0x00007fffa6928000 	C:\Windows\SYSTEM32\CRYPTSP.dll
0x00007fffa6100000 - 0x00007fffa6135000 	C:\Windows\system32\rsaenh.dll
0x00007fffa66e0000 - 0x00007fffa670c000 	C:\Windows\SYSTEM32\USERENV.dll
0x00007fffa6ac0000 - 0x00007fffa6ae7000 	C:\Windows\SYSTEM32\bcrypt.dll
0x00007fffa6830000 - 0x00007fffa683c000 	C:\Windows\SYSTEM32\CRYPTBASE.dll

dbghelp: loaded successfully - version: 4.0.5 - missing functions: none
symbol engine: initialized successfully - sym options: 0x614 - pdb path: .;C:\Program Files\Java\jdk-19\bin;C:\Windows\SYSTEM32;C:\Windows\WinSxS\amd64_microsoft.windows.common-controls_6595b64144ccf1df_6.0.22000.120_none_9d947278b86cc467;C:\Program Files\Java\jdk-19\bin\server;C:\Program Files\JetBrains\IntelliJ IDEA Community Edition 2022.2.1\bin

VM Arguments:
jvm_args: -javaagent:C:\Program Files\JetBrains\IntelliJ IDEA Community Edition 2022.2.1\lib\idea_rt.jar=54124:C:\Program Files\JetBrains\IntelliJ IDEA Community Edition 2022.2.1\bin -Dfile.encoding=UTF-8 -Dsun.stdout.encoding=UTF-8 -Dsun.stderr.encoding=UTF-8 
java_command: com.micro.gateway.CloudGatewayApp
java_class_path (initial): C:\Users\felip\Downloads\spring-cloud-master\spring-cloud-master\spring-cloud-gateway-security-jwt\spring-boot-cloud-gateway\target\classes;C:\Users\felip\.m2\repository\org\springframework\cloud\spring-cloud-starter\3.1.1\spring-cloud-starter-3.1.1.jar;C:\Users\felip\.m2\repository\org\springframework\boot\spring-boot-starter\2.6.6\spring-boot-starter-2.6.6.jar;C:\Users\felip\.m2\repository\org\springframework\boot\spring-boot\2.6.6\spring-boot-2.6.6.jar;C:\Users\felip\.m2\repository\org\springframework\spring-context\5.3.18\spring-context-5.3.18.jar;C:\Users\felip\.m2\repository\org\springframework\spring-aop\5.3.18\spring-aop-5.3.18.jar;C:\Users\felip\.m2\repository\org\springframework\spring-expression\5.3.18\spring-expression-5.3.18.jar;C:\Users\felip\.m2\repository\org\springframework\boot\spring-boot-autoconfigure\2.6.6\spring-boot-autoconfigure-2.6.6.jar;C:\Users\felip\.m2\repository\org\springframework\boot\spring-boot-starter-logging\2.6.6\spring-boot-starter-logging-2.6.6.jar;C:\Users\felip\.m2\repository\ch\qos\logback\logback-classic\1.2.11\logback-classic-1.2.11.jar;C:\Users\felip\.m2\repository\ch\qos\logback\logback-core\1.2.11\logback-core-1.2.11.jar;C:\Users\felip\.m2\repository\org\apache\logging\log4j\log4j-to-slf4j\2.17.2\log4j-to-slf4j-2.17.2.jar;C:\Users\felip\.m2\repository\org\apache\logging\log4j\log4j-api\2.17.2\log4j-api-2.17.2.jar;C:\Users\felip\.m2\repository\org\slf4j\jul-to-slf4j\1.7.36\jul-to-slf4j-1.7.36.jar;C:\Users\felip\.m2\repository\jakarta\annotation\jakarta.annotation-api\1.3.5\jakarta.annotation-api-1.3.5.jar;C:\Users\felip\.m2\repository\org\springframework\spring-core\5.3.18\spring-core-5.3.18.jar;C:\Users\felip\.m2\repository\org\springframework\spring-jcl\5.3.18\spring-jcl-5.3.18.jar;C:\Users\felip\.m2\repository\org\yaml\snakeyaml\1.29\snakeyaml-1.29.jar;C:\Users\felip\.m2\repository\org\springframework\cloud\spring-cloud-context\3.1.1\spring-cloud-context-3.1.1.jar;C:\Users\felip\.m2\repository\org\springframework\security\spring-security-crypto\5.6.2\spring-security-crypto-5.6.2.jar;C:\Users\felip\.m2\repository\org\springframework\cloud\spring-cloud-commons\3.1.1\spring-cloud-commons-3.1.1.jar;C:\Users\felip\.m2\repository\org\springframework\security\spring-security-rsa\1.0.10.RELEASE\spring-security-rsa-1.0.10.RELEASE.jar;C:\Users\felip\.m2\repository\org\bouncycastle\bcpkix-jdk15on\1.68\bcpkix-jdk15on-1.68.jar;C:\Users\felip\.m2\repository\org\bouncycastle\bcprov-jdk15on\1.68\bcprov-jdk15on-1.68.jar;C:\Users\felip\.m2\repository\org\springframework\cloud\spring-cloud-starter-gateway\3.1.1\spring-cloud-starter-gateway-3.1.1.jar;C:\Users\felip\.m2\repository\org\springframework\cloud\spring-cloud-gateway-server\3.1.1\spring-cloud-gateway-server-3.1.1.jar;C:\Users\felip\.m2\repository\org\springframework\boot\spring-boot-starter-validation\2.6.6\spring-boot-starter-validation-2.6.6.jar;C:\Users\felip\.m2\repository\org\apache\tomcat\embed\tomcat-embed-el\9.0.60\tomcat-embed-el-9.0.60.jar;C:\Users\felip\.m2\repository\org\hibernate\validator\hibernate-validator\6.2.3.Final\hibernate-validator-6.2.3.Final.jar;C:\Users\felip\.m2\repository\jakarta\validation\jakarta.validation-api\2.0.2\jakarta.validation-api-2.0.2.jar;C:\Users\felip\.m2\repository\org\jboss\logging\jboss-logging\3.4.3.Final\jboss-logging-3.4.3.Final.jar;C:\Users\felip\.m2\repository\com\fasterxml\classmate\1.5.1\classmate-1.5.1.jar;C:\Users\felip\.m2\repository\io\projectreactor\addons\reactor-extra\3.4.7\reactor-extra-3.4.7.jar;C:\Users\felip\.m2\repository\io\projectreactor\reactor-core\3.4.16\reactor-core-3.4.16.jar;C:\Users\felip\.m2\repository\org\reactivestreams\reactive-streams\1.0.3\reactive-streams-1.0.3.jar;C:\Users\felip\.m2\repository\org\springframework\boot\spring-boot-starter-webflux\2.6.6\spring-boot-starter-webflux-2.6.6.jar;C:\Users\felip\.m2\repository\org\springframework\boot\spring-boot-starter-json\2.6.6\spring-boot-starter-json-2.6.6.jar;C:\Users\felip\.m2\repository\com\fasterxml\jackson\datatype\jackson-datatype-jdk8\2.13.2\jackson-datatype-jdk8-2.13.2.jar;C:\Users\felip\.m2\repository\com\fasterxml\jackson\datatype\jackson-datatype-jsr310\2.13.2\jackson-datatype-jsr310-2.13.2.jar;C:\Users\felip\.m2\repository\com\fasterxml\jackson\module\jackson-module-parameter-names\2.13.2\jackson-module-parameter-names-2.13.2.jar;C:\Users\felip\.m2\repository\org\springframework\boot\spring-boot-starter-reactor-netty\2.6.6\spring-boot-starter-reactor-netty-2.6.6.jar;C:\Users\felip\.m2\repository\io\projectreactor\netty\reactor-netty-http\1.0.17\reactor-netty-http-1.0.17.jar;C:\Users\felip\.m2\repository\io\netty\netty-codec-http\4.1.75.Final\netty-codec-http-4.1.75.Final.jar;C:\Users\felip\.m2\repository\io\netty\netty-common\4.1.75.Final\netty-common-4.1.75.Final.jar;C:\Users\felip\.m2\repository\io\netty\netty-buffer\4.1.75.Final\netty-buffer-4.1.75.Final.jar;C:\Users\felip\.m2\repository\io\netty\netty-transport\4.1.75.Final\netty-transport-4.1.75.Final.jar;C:\Users\felip\.m2\repository\io\netty\netty-codec\4.1.75.Final\netty-codec-4.1.75.Final.jar;C:\Users\felip\.m2\repository\io\netty\netty-handler\4.1.75.Final\netty-handler-4.1.75.Final.jar;C:\Users\felip\.m2\repository\io\netty\netty-codec-http2\4.1.75.Final\netty-codec-http2-4.1.75.Final.jar;C:\Users\felip\.m2\repository\io\netty\netty-resolver-dns\4.1.75.Final\netty-resolver-dns-4.1.75.Final.jar;C:\Users\felip\.m2\repository\io\netty\netty-resolver\4.1.75.Final\netty-resolver-4.1.75.Final.jar;C:\Users\felip\.m2\repository\io\netty\netty-codec-dns\4.1.75.Final\netty-codec-dns-4.1.75.Final.jar;C:\Users\felip\.m2\repository\io\netty\netty-resolver-dns-native-macos\4.1.75.Final\netty-resolver-dns-native-macos-4.1.75.Final-osx-x86_64.jar;C:\Users\felip\.m2\repository\io\netty\netty-resolver-dns-classes-macos\4.1.75.Final\netty-resolver-dns-classes-macos-4.1.75.Final.jar;C:\Users\felip\.m2\repository\io\netty\netty-transport-native-epoll\4.1.75.Final\netty-transport-native-epoll-4.1.75.Final-linux-x86_64.jar;C:\Users\felip\.m2\repository\io\netty\netty-transport-native-unix-common\4.1.75.Final\netty-transport-native-unix-common-4.1.75.Final.jar;C:\Users\felip\.m2\repository\io\netty\netty-transport-classes-epoll\4.1.75.Final\netty-transport-classes-epoll-4.1.75.Final.jar;C:\Users\felip\.m2\repository\io\projectreactor\netty\reactor-netty-core\1.0.17\reactor-netty-core-1.0.17.jar;C:\Users\felip\.m2\repository\io\netty\netty-handler-proxy\4.1.75.Final\netty-handler-proxy-4.1.75.Final.jar;C:\Users\felip\.m2\repository\io\netty\netty-codec-socks\4.1.75.Final\netty-codec-socks-4.1.75.Final.jar;C:\Users\felip\.m2\repository\org\springframework\spring-web\5.3.18\spring-web-5.3.18.jar;C:\Users\felip\.m2\repository\org\springframework\spring-beans\5.3.18\spring-beans-5.3.18.jar;C:\Users\felip\.m2\repository\org\springframework\spring-webflux\5.3.18\spring-webflux-5.3.18.jar;C:\Users\felip\.m2\repository\org\springframework\cloud\spring-cloud-starter-netflix-eureka-client\3.1.1\spring-cloud-starter-netflix-eureka-client-3.1.1.jar;C:\Users\felip\.m2\repository\org\springframework\cloud\spring-cloud-netflix-eureka-client\3.1.1\spring-cloud-netflix-eureka-client-3.1.1.jar;C:\Users\felip\.m2\repository\com\netflix\eureka\eureka-client\1.10.17\eureka-client-1.10.17.jar;C:\Users\felip\.m2\repository\com\netflix\netflix-commons\netflix-eventbus\0.3.0\netflix-eventbus-0.3.0.jar;C:\Users\felip\.m2\repository\org\slf4j\slf4j-api\1.7.36\slf4j-api-1.7.36.jar;C:\Users\felip\.m2\repository\com\netflix\netflix-commons\netflix-infix\0.3.0\netflix-infix-0.3.0.jar;C:\Users\felip\.m2\repository\commons-jxpath\commons-jxpath\1.3\commons-jxpath-1.3.jar;C:\Users\felip\.m2\repository\joda-time\joda-time\2.3\joda-time-2.3.jar;C:\Users\felip\.m2\repository\org\antlr\antlr-runtime\3.4\antlr-runtime-3.4.jar;C:\Users\felip\.m2\repository\org\antlr\stringtemplate\3.2.1\stringtemplate-3.2.1.jar;C:\Users\felip\.m2\repository\antlr\antlr\2.7.7\antlr-2.7.7.jar;C:\Users\felip\.m2\repository\com\google\code\gson\gson\2.8.9\gson-2.8.9.jar;C:\Users\felip\.m2\repository\org\apache\commons\commons-math\2.2\commons-math-2.2.jar;C:\Users\felip\.m2\repository\com\thoughtworks\xstream\xstream\1.4.18\xstream-1.4.18.jar;C:\Users\felip\.m2\repository\io\github\x-stream\mxparser\1.2.2\mxparser-1.2.2.jar;C:\Users\felip\.m2\repository\xmlpull\xmlpull\1.1.3.1\xmlpull-1.1.3.1.jar;C:\Users\felip\.m2\repository\javax\ws\rs\jsr311-api\1.1.1\jsr311-api-1.1.1.jar;C:\Users\felip\.m2\repository\com\netflix\servo\servo-core\0.12.21\servo-core-0.12.21.jar;C:\Users\felip\.m2\repository\com\google\guava\guava\19.0\guava-19.0.jar;C:\Users\felip\.m2\repository\org\apache\httpcomponents\httpclient\4.5.13\httpclient-4.5.13.jar;C:\Users\felip\.m2\repository\org\apache\httpcomponents\httpcore\4.4.15\httpcore-4.4.15.jar;C:\Users\felip\.m2\repository\commons-codec\commons-codec\1.15\commons-codec-1.15.jar;C:\Users\felip\.m2\repository\commons-configuration\commons-configuration\1.10\commons-configuration-1.10.jar;C:\Users\felip\.m2\repository\commons-lang\commons-lang\2.6\commons-lang-2.6.jar;C:\Users\felip\.m2\repository\com\google\inject\guice\4.1.0\guice-4.1.0.jar;C:\Users\felip\.m2\repository\javax\inject\javax.inject\1\javax.inject-1.jar;C:\Users\felip\.m2\repository\com\fasterxml\jackson\core\jackson-annotations\2.13.2\jackson-annotations-2.13.2.jar;C:\Users\felip\.m2\repository\com\fasterxml\jackson\core\jackson-core\2.13.2\jackson-core-2.13.2.jar;C:\Users\felip\.m2\repository\org\codehaus\jettison\jettison\1.4.0\jettison-1.4.0.jar;C:\Users\felip\.m2\repository\com\netflix\eureka\eureka-core\1.10.17\eureka-core-1.10.17.jar;C:\Users\felip\.m2\repository\com\fasterxml\woodstox\woodstox-core\6.2.1\woodstox-core-6.2.1.jar;C:\Users\felip\.m2\repository\org\codehaus\woodstox\stax2-api\4.2.1\stax2-api-4.2.1.jar;C:\Users\felip\.m2\repository\org\springframework\cloud\spring-cloud-starter-loadbalancer\3.1.1\spring-cloud-starter-loadbalancer-3.1.1.jar;C:\Users\felip\.m2\repository\org\springframework\cloud\spring-cloud-loadbalancer\3.1.1\spring-cloud-loadbalancer-3.1.1.jar;C:\Users\felip\.m2\repository\org\springframework\boot\spring-boot-starter-cache\2.6.6\spring-boot-starter-cache-2.6.6.jar;C:\Users\felip\.m2\repository\org\springframework\spring-context-support\5.3.18\spring-context-support-5.3.18.jar;C:\Users\felip\.m2\repository\com\stoyanr\evictor\1.0.0\evictor-1.0.0.jar;C:\Users\felip\.m2\repository\javax\xml\bind\jaxb-api\2.3.1\jaxb-api-2.3.1.jar;C:\Users\felip\.m2\repository\javax\activation\javax.activation-api\1.2.0\javax.activation-api-1.2.0.jar;C:\Users\felip\.m2\repository\io\jsonwebtoken\jjwt\0.9.1\jjwt-0.9.1.jar;C:\Users\felip\.m2\repository\com\fasterxml\jackson\core\jackson-databind\2.13.2.2\jackson-databind-2.13.2.2.jar
Launcher Type: SUN_STANDARD

[Global flags]
     intx CICompilerCount                          = 2                                         {product} {ergonomic}
     uint ConcGCThreads                            = 1                                         {product} {ergonomic}
     uint G1ConcRefinementThreads                  = 2                                         {product} {ergonomic}
   size_t G1HeapRegionSize                         = 1048576                                   {product} {ergonomic}
    uintx GCDrainStackTargetSize                   = 64                                        {product} {ergonomic}
   size_t InitialHeapSize                          = 65011712                                  {product} {ergonomic}
   size_t MarkStackSize                            = 4194304                                   {product} {ergonomic}
   size_t MaxHeapSize                              = 1027604480                                {product} {ergonomic}
   size_t MaxNewSize                               = 616562688                                 {product} {ergonomic}
   size_t MinHeapDeltaBytes                        = 1048576                                   {product} {ergonomic}
   size_t MinHeapSize                              = 8388608                                   {product} {ergonomic}
    uintx NonNMethodCodeHeapSize                   = 5826188                                {pd product} {ergonomic}
    uintx NonProfiledCodeHeapSize                  = 122916026                              {pd product} {ergonomic}
    uintx ProfiledCodeHeapSize                     = 122916026                              {pd product} {ergonomic}
    uintx ReservedCodeCacheSize                    = 251658240                              {pd product} {ergonomic}
     bool SegmentedCodeCache                       = true                                      {product} {ergonomic}
   size_t SoftMaxHeapSize                          = 1027604480                             {manageable} {ergonomic}
     bool UseCompressedClassPointers               = true                           {product lp64_product} {ergonomic}
     bool UseCompressedOops                        = true                           {product lp64_product} {ergonomic}
     bool UseG1GC                                  = true                                      {product} {ergonomic}
     bool UseLargePagesIndividualAllocation        = false                                  {pd product} {ergonomic}

Logging:
Log output configuration:
 #0: stdout all=warning uptime,level,tags foldmultilines=false
 #1: stderr all=off uptime,level,tags foldmultilines=false

Environment Variables:
PATH=C:\Program Files\Common Files\Oracle\Java\javapath;C:\Windows\system32;C:\Windows;C:\Windows\System32\Wbem;C:\Windows\System32\WindowsPowerShell\v1.0\;C:\Windows\System32\OpenSSH\;C:\Program Files\nodejs\;C:\Program Files (x86)\Microsoft SQL Server\150\Tools\Binn\;C:\Program Files\Microsoft SQL Server\150\Tools\Binn\;C:\Program Files (x86)\Microsoft SQL Server\150\DTS\Binn\;C:\Program Files\Microsoft SQL Server\150\DTS\Binn\;C:\Program Files\Microsoft SQL Server\Client SDK\ODBC\170\Tools\Binn\;C:\ProgramData\chocolatey\bin;C:\Program Files\Git\cmd;C:\Program Files\Git\mingw64\bin;C:\Program Files\Git\usr\bin;C:\Users\felip\Downloads\apache-maven-3.8.6;C:\Users\felip\Downloads\apache-maven-3.8.6\bin;C:\Program Files\MongoDB\Server\6.0\bin;C:\Program Files\Docker\Docker\resources\bin;C:\Users\felip\AppData\Roaming\npm\node_modules\http-server;C:\Users\felip\AppData\Roaming\npm;C:\Users\felip\AppData\Local\Programs\Python\Python310;C:\Users\felip\AppData\Local\Programs\Python\Python310\Scripts;C:\Program Files\Java\jdk-19\bin;C:\Users\felip\AppData\Local\Programs\Python\Python39;C:\Users\felip\AppData\Local\Programs\Microsoft VS Code\bin;C:\Users\felip\AppData\Local\Programs\mongosh\;C:\Program Files\MongoDB\Server\6.0\bin;C:\Program Files\Docker\Docker\resources\bin;C:\Users\felip\AppData\Roaming\npm\node_modules\http-server;C:\Users\felip\AppData\Roaming\npm;
USERNAME=felip
OS=Windows_NT
PROCESSOR_IDENTIFIER=Intel64 Family 6 Model 122 Stepping 8, GenuineIntel
TMP=C:\Users\felip\AppData\Local\Temp
TEMP=C:\Users\felip\AppData\Local\Temp



---------------  S Y S T E M  ---------------

OS:
 Windows 11 , 64 bit Build 22000 (10.0.22000.2360)
OS uptime: 0 days 4:49 hours
Hyper-V role detected

CPU: total 2 (initial active 2) (2 cores per cpu, 1 threads per core) family 6 model 122 stepping 8 microcode 0x18, cx8, cmov, fxsr, mmx, 3dnowpref, sse, sse2, sse3, ssse3, sse4.1, sse4.2, popcnt, tsc, tscinvbit, aes, erms, clmul, sha, clflush, clflushopt, hv, rdtscp, rdpid

Memory: 4k page, system-wide physical 3918M (359M free)
TotalPageFile size 15694M (AvailPageFile size 6M)
current process WorkingSet (physical memory assigned to process): 180M, peak: 180M
current process commit charge ("private bytes"): 210M, peak: 212M

vm_info: Java HotSpot(TM) 64-Bit Server VM (19.0.1+10-21) for windows-amd64 JRE (19.0.1+10-21), built on 2022-09-14T12:45:06Z by "mach5one" with MS VC++ 17.1 (VS2022)

END.
